[02:55:55] [main/INFO]: Loading Minecraft 1.21 with Fabric Loader 0.16.3
[02:55:56] [main/INFO]: Loading 4 mods:
	- fabricloader 0.16.3
	   \-- mixinextras 0.4.1
	- java 21
	- minecraft 1.21
[02:55:56] [main/INFO]: SpongePowered MIXIN Subsystem Version=0.8.7 Source=file:/workspaces/Server-MC-new/servidor_minecraft/libraries/net/fabricmc/sponge-mixin/0.15.2+mixin.0.8.7/sponge-mixin-0.15.2+mixin.0.8.7.jar Service=Knot/Fabric Env=SERVER
[02:56:11] [main/INFO]: Environment: Environment[sessionHost=https://sessionserver.mojang.com, servicesHost=https://api.minecraftservices.com, name=PROD]
[02:56:17] [main/INFO]: Loaded 1290 recipes
[02:56:18] [main/INFO]: Loaded 1399 advancements
[02:56:19] [Server thread/INFO]: Starting minecraft server version 1.21
[02:56:19] [Server thread/INFO]: Loading properties
[02:56:19] [Server thread/INFO]: Default game type: SURVIVAL
[02:56:19] [Server thread/INFO]: Generating keypair
[02:56:20] [Server thread/INFO]: Starting Minecraft server on *:25565
[02:56:21] [Server thread/INFO]: Using epoll channel type
[02:56:21] [Server thread/WARN]: **** SERVER IS RUNNING IN OFFLINE/INSECURE MODE!
[02:56:21] [Server thread/WARN]: The server will make no attempt to authenticate usernames. Beware.
[02:56:21] [Server thread/WARN]: While this makes the game possible to play without internet access, it also opens up the ability for hackers to connect with any username they choose.
[02:56:21] [Server thread/WARN]: To change this, set "online-mode" to "true" in the server.properties file.
[02:56:21] [Server thread/INFO]: Preparing level "world"
[02:56:36] [Server thread/INFO]: Preparing start region for dimension minecraft:overworld
[02:56:38] [Worker-Main-1/INFO]: Preparing spawn area: 0%
[02:56:38] [Worker-Main-1/INFO]: Preparing spawn area: 0%
[02:56:38] [Worker-Main-1/INFO]: Preparing spawn area: 0%
[02:56:38] [Worker-Main-1/INFO]: Preparing spawn area: 0%
[02:56:38] [Worker-Main-1/INFO]: Preparing spawn area: 0%
[02:56:38] [Server thread/INFO]: Time elapsed: 2288 ms
[02:56:38] [Server thread/INFO]: Done (17.114s)! For help, type "help"
[02:57:02] [Server thread/INFO]: SimPhelios[/127.37.59.95:47091] logged in with entity id 114 at (147.5, 63.0, 354.5)
[02:57:02] [Server thread/INFO]: SimPhelios joined the game
[02:57:33] [Server thread/INFO]: Tenashi_[/127.96.113.121:36627] logged in with entity id 216 at (137.5, 63.0, 350.5)
[02:57:33] [Server thread/INFO]: Tenashi_ joined the game
[02:59:06] [Server thread/INFO]: Tenashi_ has made the advancement [Stone Age]
[02:59:19] [Server thread/INFO]: SimPhelios lost connection: Disconnected
[02:59:19] [Server thread/INFO]: SimPhelios left the game
[03:01:21] [Server thread/INFO]: SimPhelios[/127.37.59.95:51405] logged in with entity id 931 at (149.13844903346254, 64.0, 357.14733337687534)
[03:01:21] [Server thread/INFO]: SimPhelios joined the game
[03:05:29] [Server thread/INFO]: Tenashi_ has made the advancement [Getting an Upgrade]
